CRITICAL - 2023-08-18 13:43:04 --> Invalid file: "Index.php"
in SYSTEMPATH\Exceptions\FrameworkException.php on line 33.
 1 SYSTEMPATH\View\View.php(212): CodeIgniter\Exceptions\FrameworkException::forInvalidFile('Index.php')
 2 SYSTEMPATH\View\View.php(240): CodeIgniter\View\View->render('Index', [], true)
 3 SYSTEMPATH\Common.php(1180): CodeIgniter\View\View->render('nombre/registrar', [], true)
 4 APPPATH\Controllers\Nombre.php(9): view('nombre/registrar')
 5 SYSTEMPATH\CodeIgniter.php(932): App\Controllers\Nombre->registrar()
 6 SYSTEMPATH\CodeIgniter.php(497): CodeIgniter\CodeIgniter->runController(Object(App\Controllers\Nombre))
 7 SYSTEMPATH\CodeIgniter.php(366): CodeIgniter\CodeIgniter->handleRequest(null, Object(Config\Cache), false)
 8 FCPATH\index.php(67): CodeIgniter\CodeIgniter->run()
CRITICAL - 2023-08-18 13:43:11 --> Invalid file: "Index.php"
in SYSTEMPATH\Exceptions\FrameworkException.php on line 33.
 1 SYSTEMPATH\View\View.php(212): CodeIgniter\Exceptions\FrameworkException::forInvalidFile('Index.php')
 2 SYSTEMPATH\View\View.php(240): CodeIgniter\View\View->render('Index', [], true)
 3 SYSTEMPATH\Common.php(1180): CodeIgniter\View\View->render('nombre/registrar', [], true)
 4 APPPATH\Controllers\Nombre.php(9): view('nombre/registrar')
 5 SYSTEMPATH\CodeIgniter.php(932): App\Controllers\Nombre->registrar()
 6 SYSTEMPATH\CodeIgniter.php(497): CodeIgniter\CodeIgniter->runController(Object(App\Controllers\Nombre))
 7 SYSTEMPATH\CodeIgniter.php(366): CodeIgniter\CodeIgniter->handleRequest(null, Object(Config\Cache), false)
 8 FCPATH\index.php(67): CodeIgniter\CodeIgniter->run()
CRITICAL - 2023-08-18 13:45:05 --> Invalid file: "Index.php"
in SYSTEMPATH\Exceptions\FrameworkException.php on line 33.
 1 SYSTEMPATH\View\View.php(212): CodeIgniter\Exceptions\FrameworkException::forInvalidFile('Index.php')
 2 SYSTEMPATH\View\View.php(240): CodeIgniter\View\View->render('Index', [], true)
 3 SYSTEMPATH\Common.php(1180): CodeIgniter\View\View->render('nombre/registrar', [], true)
 4 APPPATH\Controllers\Nombre.php(9): view('nombre/registrar')
 5 SYSTEMPATH\CodeIgniter.php(932): App\Controllers\Nombre->index()
 6 SYSTEMPATH\CodeIgniter.php(497): CodeIgniter\CodeIgniter->runController(Object(App\Controllers\Nombre))
 7 SYSTEMPATH\CodeIgniter.php(366): CodeIgniter\CodeIgniter->handleRequest(null, Object(Config\Cache), false)
 8 FCPATH\index.php(67): CodeIgniter\CodeIgniter->run()
CRITICAL - 2023-08-18 13:49:00 --> Invalid file: "Index.php"
in SYSTEMPATH\Exceptions\FrameworkException.php on line 33.
 1 SYSTEMPATH\View\View.php(212): CodeIgniter\Exceptions\FrameworkException::forInvalidFile('Index.php')
 2 SYSTEMPATH\View\View.php(240): CodeIgniter\View\View->render('Index', [], true)
 3 SYSTEMPATH\Common.php(1180): CodeIgniter\View\View->render('nombre/registrar', [], true)
 4 APPPATH\Controllers\Nombre.php(9): view('nombre/registrar')
 5 SYSTEMPATH\CodeIgniter.php(932): App\Controllers\Nombre->index()
 6 SYSTEMPATH\CodeIgniter.php(497): CodeIgniter\CodeIgniter->runController(Object(App\Controllers\Nombre))
 7 SYSTEMPATH\CodeIgniter.php(366): CodeIgniter\CodeIgniter->handleRequest(null, Object(Config\Cache), false)
 8 FCPATH\index.php(67): CodeIgniter\CodeIgniter->run()
CRITICAL - 2023-08-18 13:50:38 --> View themes, no current section.
in SYSTEMPATH\View\View.php on line 415.
 1 APPPATH\Views\nombre\registrar.php(5): CodeIgniter\View\View->endSection()
 2 SYSTEMPATH\View\View.php(224): include('C:\\xampp\\htdocs\\Parcial2\\app\\Views\\nombre\\registrar.php')
 3 SYSTEMPATH\View\View.php(227): CodeIgniter\View\View->CodeIgniter\View\{closure}()
 4 SYSTEMPATH\Common.php(1180): CodeIgniter\View\View->render('nombre/registrar', [], true)
 5 APPPATH\Controllers\Nombre.php(9): view('nombre/registrar')
 6 SYSTEMPATH\CodeIgniter.php(932): App\Controllers\Nombre->index()
 7 SYSTEMPATH\CodeIgniter.php(497): CodeIgniter\CodeIgniter->runController(Object(App\Controllers\Nombre))
 8 SYSTEMPATH\CodeIgniter.php(366): CodeIgniter\CodeIgniter->handleRequest(null, Object(Config\Cache), false)
 9 FCPATH\index.php(67): CodeIgniter\CodeIgniter->run()
CRITICAL - 2023-08-18 13:50:45 --> View themes, no current section.
in SYSTEMPATH\View\View.php on line 415.
 1 APPPATH\Views\nombre\registrar.php(5): CodeIgniter\View\View->endSection()
 2 SYSTEMPATH\View\View.php(224): include('C:\\xampp\\htdocs\\Parcial2\\app\\Views\\nombre\\registrar.php')
 3 SYSTEMPATH\View\View.php(227): CodeIgniter\View\View->CodeIgniter\View\{closure}()
 4 SYSTEMPATH\Common.php(1180): CodeIgniter\View\View->render('nombre/registrar', [], true)
 5 APPPATH\Controllers\Nombre.php(9): view('nombre/registrar')
 6 SYSTEMPATH\CodeIgniter.php(932): App\Controllers\Nombre->index()
 7 SYSTEMPATH\CodeIgniter.php(497): CodeIgniter\CodeIgniter->runController(Object(App\Controllers\Nombre))
 8 SYSTEMPATH\CodeIgniter.php(366): CodeIgniter\CodeIgniter->handleRequest(null, Object(Config\Cache), false)
 9 FCPATH\index.php(67): CodeIgniter\CodeIgniter->run()
